Nuclear Repulsion Energy=110.742
Electron Energy=-873.141
Total Energy=-762.399

Suv_RA
        0  0.357071         0  0.710104  0.710104 -0.357071         0         0         0         0         0         0         0         0         0 -0.710104         0         0         0         0 -0.710104         0         0         0         0
        0         0         0         0         0         0         0         0         0         0         0         0         0         0         0         0         0         0         0         0         0         0         0         0         0
        0         0         0         0         0         0         0         0         0         0         0         0         0         0         0         0         0         0         0         0         0         0         0         0         0

coef Xuv
-13.9636 -19.4684  42.5338       -0       -0
-19.4684 -145.519 -22.8986       -0       -0
 42.5338 -22.8986 -105.972       -0       -0
      -0       -0       -0     -156       -0
      -0       -0       -0       -0     -156


gradient (gamma part)
       0  5.76911 -5.76911        0
       0        0        0        0
       0        0        0        0

Yab
-1.25061 -7.52514
-7.52514 -55.6991

e term 1
-6.95159  6.95159
       0        0
       0        0

e term 2
-43.4133  43.4133
       0        0
       0        0

e grad total
-50.3649  50.3649
       0        0
       0        0


gradient (Nuclear part)
 64.3851 -64.3851
       0        0
       0        0

TOTAL GRAD
 14.0202 -14.0202
       0        0
       0        0

